19:10:46 **** Incremental Build of configuration Debug for project servidor-desde-cero ****
make all 
Building file: ../servidor.c
Invoking: GCC C Compiler
gcc -O0 -g3 -Wall -c -fmessage-length=0 -MMD -MP -MF"servidor.d" -MT"servidor.d" -o "servidor.o" "../servidor.c"
../servidor.c: In function ‘main’:
../servidor.c:111:49: warning: pointer targets in passing argument 3 of ‘accept’ differ in signedness [-Wpointer-sign]
   if ((idSocketCliente = accept(sockfd, (struct sockaddr *) &their_addr, &sin_size))
                                                 ^
In file included from /usr/include/netinet/in.h:23:0,
                 from ../servidor.c:5:
/usr/include/i386-linux-gnu/sys/socket.h:243:12: note: expected ‘socklen_t * __restrict__’ but argument is of type ‘int *’
 extern int accept (int __fd, __SOCKADDR_ARG __addr,
            ^
Finished building: ../servidor.c
 
Building target: servidor-desde-cero
Invoking: GCC C Linker
gcc  -o "servidor-desde-cero"  ./servidor.o   -lpthread
Finished building target: servidor-desde-cero
 
19:10:47 **** Incremental Build of configuration Debug for project cliente-desde-cero ****
make all 
make: No se hace nada para «all».
19:10:47 **** Incremental Build of configuration Debug for project servidor-desde-cero ****
make all 
make: No se hace nada para «all».
19:10:49 **** Incremental Build of configuration Debug for project servidor-desde-cero ****
make all 
make: No se hace nada para «all».
